<?xml version="1.0" encoding="UTF-8"?>
<!-- Generated by org.testng.reporters.JUnitXMLReporter -->
<testsuite hostname="ARJUNS" name="USGBC" tests="1" failures="1" timestamp="16 May 2018 00:49:23 GMT" time="37.569" errors="0">
  <testcase name="MembershipRegistration" time="22.727" classname="com.dynamicUsgbc.testcases.MembershipRegistrationFlowTest">
    <failure type="java.lang.Error" message="Organization name is not correct expected [Test Organization 596041] but found [Test Organization 713693]">
      <![CDATA[java.lang.Error: Organization name is not correct expected [Test Organization 596041] but found [Test Organization 713693]
	at com.dynamicUsgbc.driver.CommonMethod.assertEqualsmessage(CommonMethod.java:265)
	at com.dynamicUsgbc.ReusableMethods.ReusableMethodPayment.verifyMembershipPaymentDetails(ReusableMethodPayment.java:312)
	at com.dynamicUsgbc.testcases.MembershipRegistrationFlowTest.MembershipRegistration(MembershipRegistrationFlowTest.java:36)
... Removed 28 stack frames]]>
    </failure>
  </testcase> <!-- MembershipRegistration -->
</testsuite> <!-- USGBC -->
