<?xml version="1.0" encoding="UTF-8"?>
<testng-results skipped="0" failed="0" total="1" passed="1">
  <reporter-output>
  </reporter-output>
  <suite name="VisualTestCasesSuite" duration-ms="164792" started-at="2017-12-19T04:50:24Z" finished-at="2017-12-19T04:53:09Z">
    <groups>
    </groups>
    <test name="USGBCVisualTest" duration-ms="164792" started-at="2017-12-19T04:50:24Z" finished-at="2017-12-19T04:53:09Z">
      <class name="com.usgbc.testcases.LandingPage.USGBCHeaderLinkAccountTest">
        <test-method status="PASS" signature="setup(java.lang.String, java.lang.String)[pri:0, instance:com.usgbc.testcases.LandingPage.USGBCHeaderLinkAccountTest@42dafa95]" name="setup" is-config="true" duration-ms="157115" started-at="2017-12-19T10:20:24Z" finished-at="2017-12-19T10:23:02Z">
          <params>
            <param index="0">
              <value>
                <![CDATA[firefox]]>
              </value>
            </param>
            <param index="1">
              <value>
                <![CDATA[staging]]>
              </value>
            </param>
          </params>
          <reporter-output>
          </reporter-output>
        </test-method> <!-- setup -->
        <test-method status="PASS" signature="setupTestMethod(java.lang.reflect.Method)[pri:0, instance:com.usgbc.testcases.LandingPage.USGBCHeaderLinkAccountTest@42dafa95]" name="setupTestMethod" is-config="true" duration-ms="2" started-at="2017-12-19T10:23:02Z" finished-at="2017-12-19T10:23:02Z">
          <params>
            <param index="0">
              <value>
                <![CDATA[public void com.usgbc.testcases.LandingPage.USGBCHeaderLinkAccountTest.USGBCHeaderLinkAccount() throws java.io.IOException]]>
              </value>
            </param>
          </params>
          <reporter-output>
          </reporter-output>
        </test-method> <!-- setupTestMethod -->
        <test-method status="PASS" signature="USGBCHeaderLinkAccount()[pri:0, instance:com.usgbc.testcases.LandingPage.USGBCHeaderLinkAccountTest@42dafa95]" name="USGBCHeaderLinkAccount" duration-ms="6864" started-at="2017-12-19T10:23:02Z" finished-at="2017-12-19T10:23:08Z">
          <reporter-output>
          </reporter-output>
        </test-method> <!-- USGBCHeaderLinkAccount -->
        <test-method status="PASS" signature="end()[pri:0, instance:com.usgbc.testcases.LandingPage.USGBCHeaderLinkAccountTest@42dafa95]" name="end" is-config="true" duration-ms="784" started-at="2017-12-19T10:23:08Z" finished-at="2017-12-19T10:23:09Z">
          <reporter-output>
          </reporter-output>
        </test-method> <!-- end -->
      </class> <!-- com.usgbc.testcases.LandingPage.USGBCHeaderLinkAccountTest -->
    </test> <!-- USGBCVisualTest -->
  </suite> <!-- VisualTestCasesSuite -->
</testng-results>
